<?xml version="1.0" encoding="UTF-8"?>
<testsuite xmlns:xsi="http://www.w3.org/2001/XMLSchema-instance" xsi:noNamespaceSchemaLocation="https://maven.apache.org/surefire/maven-surefire-plugin/xsd/surefire-test-report-3.0.xsd" version="3.0" name="com.library.shared.HealthCheckIT" time="0.305" tests="3" errors="0" skipped="0" failures="0">
  <properties>
[...]
</properties>
  <testcase name="healthLive_returns200Up" classname="com.library.shared.HealthCheckIT" time="0.102"/>
  <testcase name="health_withLiveDatabase_returnsUp" classname="com.library.shared.HealthCheckIT" time="0.101"/>
  <testcase name="healthReady_withLiveDatabase_returns200Up" classname="com.library.shared.HealthCheckIT" time="0.083"/>
</testsuite>